2025-06-26 12:40:10,879 - INFO - Running health check...
2025-06-26 12:40:31,826 - INFO - 🚀 Starting complete environment setup...
2025-06-26 12:40:31,826 - INFO - Executing: Creating directories
2025-06-26 12:40:31,826 - INFO - Creating directory structure...
2025-06-26 12:40:31,826 - INFO - Created directory: /home/owner/Documents/6854a1da-e23c-8008-a9fc-76b7fa3c1f92/kde-memory-guardian/logs
2025-06-26 12:40:31,826 - INFO - Created directory: /home/owner/Documents/6854a1da-e23c-8008-a9fc-76b7fa3c1f92/kde-memory-guardian/temp
2025-06-26 12:40:31,826 - INFO - Created directory: /home/owner/Documents/6854a1da-e23c-8008-a9fc-76b7fa3c1f92/kde-memory-guardian/data
2025-06-26 12:40:31,826 - INFO - Created directory: /home/owner/Documents/6854a1da-e23c-8008-a9fc-76b7fa3c1f92/kde-memory-guardian/backups
2025-06-26 12:40:31,827 - INFO - Created directory: /home/owner/Documents/6854a1da-e23c-8008-a9fc-76b7fa3c1f92/kde-memory-guardian/database-tools/logs
2025-06-26 12:40:31,827 - INFO - Created directory: /tmp/kde-memory-guardian
2025-06-26 12:40:31,827 - INFO - Created directory: /home/owner/.config/kde-memory-guardian
2025-06-26 12:40:31,827 - INFO - Executing: Installing system packages
2025-06-26 12:40:31,827 - INFO - Installing system packages...
2025-06-26 12:44:19,549 - INFO - System packages installed successfully
2025-06-26 12:44:19,549 - INFO - Executing: Creating virtual environment
2025-06-26 12:44:19,549 - INFO - Setting up virtual environment...
2025-06-26 12:44:25,336 - INFO - Created virtual environment: /home/owner/Documents/6854a1da-e23c-8008-a9fc-76b7fa3c1f92/kde-memory-guardian/venv
2025-06-26 12:44:30,133 - INFO - Executing: Installing Python dependencies
2025-06-26 12:44:30,133 - INFO - Installing Python dependencies...
2025-06-26 12:44:35,774 - ERROR - Failed to install Python dependencies: Command '['/home/owner/Documents/6854a1da-e23c-8008-a9fc-76b7fa3c1f92/kde-memory-guardian/venv/bin/pip', 'install', '-r', '/home/owner/Documents/6854a1da-e23c-8008-a9fc-76b7fa3c1f92/kde-memory-guardian/requirements.txt']' returned non-zero exit status 1.
2025-06-26 12:44:35,774 - ERROR - Failed at step: Installing Python dependencies
2025-06-26 12:45:30,709 - INFO - 🚀 Starting complete environment setup...
2025-06-26 12:45:30,709 - INFO - Executing: Creating directories
2025-06-26 12:45:30,709 - INFO - Creating directory structure...
2025-06-26 12:45:30,710 - INFO - Executing: Installing system packages
2025-06-26 12:45:30,710 - INFO - Installing system packages...
2025-06-26 12:46:57,639 - INFO - System packages installed successfully
2025-06-26 12:46:57,639 - INFO - Executing: Creating virtual environment
2025-06-26 12:46:57,639 - INFO - Setting up virtual environment...
2025-06-26 12:46:59,722 - INFO - Executing: Installing Python dependencies
2025-06-26 12:46:59,722 - INFO - Installing Python dependencies...
2025-06-26 12:52:13,540 - INFO - Python dependencies installed successfully
2025-06-26 12:52:13,540 - INFO - Executing: Setting up environment variables
2025-06-26 12:52:13,540 - INFO - Setting up environment variables...
2025-06-26 12:52:13,540 - INFO - Environment configuration saved to /home/owner/Documents/6854a1da-e23c-8008-a9fc-76b7fa3c1f92/kde-memory-guardian/.env
2025-06-26 12:52:13,541 - INFO - Executing: Setting up permissions
2025-06-26 12:52:13,541 - INFO - Setting up permissions...
2025-06-26 12:55:43,203 - INFO - Sudo permissions configured
2025-06-26 12:55:43,204 - INFO - Verifying installation...
2025-06-26 12:55:44,764 - INFO - ✅ Installation verification successful
2025-06-26 12:55:44,764 - INFO - 🎉 Environment setup completed successfully!
2025-06-26 12:55:44,765 - INFO - 
📋 Usage Instructions:
2025-06-26 12:55:44,765 - INFO - 1. Activate virtual environment: source /home/owner/Documents/6854a1da-e23c-8008-a9fc-76b7fa3c1f92/kde-memory-guardian/venv/bin/activate
2025-06-26 12:55:44,765 - INFO - 2. Start crash analyzer: cd /home/owner/Documents/6854a1da-e23c-8008-a9fc-76b7fa3c1f92/kde-memory-guardian/database-tools && python crash-analysis-correlator.py
2025-06-26 12:55:44,765 - INFO - 3. Run tests: cd /home/owner/Documents/6854a1da-e23c-8008-a9fc-76b7fa3c1f92/kde-memory-guardian/testing && python end_to_end_comprehensive_tester.py
2025-06-26 12:55:44,765 - INFO - 4. Configuration file: /home/owner/Documents/6854a1da-e23c-8008-a9fc-76b7fa3c1f92/kde-memory-guardian/.env
2025-06-26 12:56:16,062 - INFO - Running health check...
